<?xml version="1.0" encoding="UTF-8"?>
<!-- Generated by org.testng.reporters.JUnitXMLReporter -->
<testsuite ignored="0" hostname="DESKTOP-6POFSQ4" failures="1" tests="3" name="Webdemo" time="3.59" errors="0" timestamp="2025-07-20T10:26:12 GST">
  <testcase classname="tests.LoginTests" name="inValidLoginTest" time="0.004"/>
  <testcase classname="tests.LoginTests" name="invalidLogin" time="2.543">
    <failure type="java.lang.AssertionError" message="expected [true] but found [false]">
      <![CDATA[java.lang.AssertionError: expected [true] but found [false]
at tests.LoginTests.invalidLogin(LoginTests.java:56)
at java.base/java.util.ArrayList.forEach(ArrayList.java:1596)
... Removed 33 stack frames]]>
    </failure>
  </testcase> <!-- invalidLogin -->
  <testcase classname="tests.LoginTests" name="validLogin" time="0.989"/>
</testsuite> <!-- Webdemo -->
