<?xml version="1.0" encoding="UTF-8"?>
<testng-results ignored="0" total="2" passed="2" failed="0" skipped="0">
  <reporter-output>
  </reporter-output>
  <suite started-at="2025-07-06T13:49:54 GST" name="TestAll" finished-at="2025-07-06T13:49:56 GST" duration-ms="1829">
    <groups>
    </groups>
    <test started-at="2025-07-06T13:49:54 GST" name="Webdemo" finished-at="2025-07-06T13:49:56 GST" duration-ms="1829">
      <class name="app.getxray.testng.examples.LoginTests">
        <test-method is-config="true" signature="setUp()[pri:0, instance:app.getxray.testng.examples.LoginTests@40ef3420]" started-at="2025-07-06T13:49:53 GST" name="setUp" finished-at="2025-07-06T13:49:54 GST" duration-ms="1369" status="PASS">
          <reporter-output>
          </reporter-output>
        </test-method> <!-- setUp -->
        <test-method signature="invalidLogin()[pri:0, instance:app.getxray.testng.examples.LoginTests@40ef3420]" started-at="2025-07-06T13:49:54 GST" name="invalidLogin" finished-at="2025-07-06T13:49:55 GST" duration-ms="1417" status="PASS">
          <reporter-output>
          </reporter-output>
          <attributes>
            <attribute name="summary">
              <![CDATA[invalid login test]]>
            </attribute> <!-- summary -->
            <attribute name="test">
              <![CDATA[XT-376]]>
            </attribute> <!-- test -->
            <attribute name="description">
              <![CDATA[login attempt with invalid credentials]]>
            </attribute> <!-- description -->
            <attribute name="labels">
              <![CDATA[authentication]]>
            </attribute> <!-- labels -->
          </attributes>
        </test-method> <!-- invalidLogin -->
        <test-method signature="validLogin()[pri:0, instance:app.getxray.testng.examples.LoginTests@40ef3420]" started-at="2025-07-06T13:49:55 GST" name="validLogin" finished-at="2025-07-06T13:49:56 GST" duration-ms="386" status="PASS">
          <reporter-output>
          </reporter-output>
          <attributes>
            <attribute name="summary">
              <![CDATA[]]>
            </attribute> <!-- summary -->
            <attribute name="test">
              <![CDATA[XT-377]]>
            </attribute> <!-- test -->
            <attribute name="description">
              <![CDATA[]]>
            </attribute> <!-- description -->
            <attribute name="requirement">
              <![CDATA[XT-10]]>
            </attribute> <!-- requirement -->
            <attribute name="labels">
              <![CDATA[]]>
            </attribute> <!-- labels -->
          </attributes>
        </test-method> <!-- validLogin -->
        <test-method is-config="true" signature="tearDown()[pri:0, instance:app.getxray.testng.examples.LoginTests@40ef3420]" started-at="2025-07-06T13:49:56 GST" name="tearDown" finished-at="2025-07-06T13:49:56 GST" duration-ms="144" status="PASS">
          <reporter-output>
          </reporter-output>
        </test-method> <!-- tearDown -->
      </class> <!-- app.getxray.testng.examples.LoginTests -->
    </test> <!-- Webdemo -->
  </suite> <!-- TestAll -->
</testng-results>
