-------------------------------------------------------------------------------
Test set: TestSuite
-------------------------------------------------------------------------------
Tests run: 4, Failures: 1, Errors: 0, Skipped: 3, Time elapsed: 0.405 s <<< FAILURE! - in TestSuite
setUp(app.getxray.testng.examples.LoginTests)  Time elapsed: 0.283 s  <<< FAILURE!
java.lang.IllegalStateException: The path to the driver executable The path to the driver executable must be set by the webdriver.chrome.driver system property; for more information, see https://chromedriver.chromium.org/. The latest version can be downloaded from https://chromedriver.chromium.org/downloads
	at app.getxray.testng.examples.LoginTests.setUp(LoginTests.java:30)

