<?xml version="1.0" encoding="UTF-8"?>
<!-- Generated by org.testng.reporters.JUnitReportReporter -->
<testsuite hostname="DESKTOP-6POFSQ4" failures="0" tests="2" name="app.getxray.testng.examples.LoginTests" time="1.803" errors="0" timestamp="2025-07-06T13:49:56 GST" skipped="0">
  <testcase classname="app.getxray.testng.examples.LoginTests" name="validLogin" time="0.386"/>
  <testcase classname="app.getxray.testng.examples.LoginTests" name="invalidLogin" time="1.417"/>
</testsuite> <!-- app.getxray.testng.examples.LoginTests -->
